<?xml version="1.0" encoding="UTF-8"?>
<testng-results ignored="0" total="7" passed="7" failed="0" skipped="0">
  <reporter-output>
  </reporter-output>
  <suite started-at="2023-11-24T15:35:36 IST" name="Default suite" finished-at="2023-11-24T15:36:05 IST" duration-ms="29017">
    <groups>
    </groups>
    <test started-at="2023-11-24T15:35:36 IST" name="Default test" finished-at="2023-11-24T15:36:05 IST" duration-ms="29017">
      <class name="com.testng.BasicTestNg">
        <test-method signature="setProperty()[pri:1, instance:com.testng.BasicTestNg@740cae06]" started-at="2023-11-24T15:35:37 IST" name="setProperty" finished-at="2023-11-24T15:35:40 IST" duration-ms="3228" status="PASS">
          <reporter-output>
          </reporter-output>
        </test-method> <!-- setProperty -->
        <test-method signature="getUrl()[pri:2, instance:com.testng.BasicTestNg@740cae06]" started-at="2023-11-24T15:35:40 IST" name="getUrl" finished-at="2023-11-24T15:35:49 IST" duration-ms="8896" status="PASS">
          <reporter-output>
          </reporter-output>
        </test-method> <!-- getUrl -->
        <test-method signature="loginPage()[pri:3, instance:com.testng.BasicTestNg@740cae06]" started-at="2023-11-24T15:35:49 IST" name="loginPage" finished-at="2023-11-24T15:35:50 IST" duration-ms="1565" status="PASS">
          <reporter-output>
          </reporter-output>
        </test-method> <!-- loginPage -->
        <test-method signature="bookHotel()[pri:4, instance:com.testng.BasicTestNg@740cae06]" started-at="2023-11-24T15:35:50 IST" name="bookHotel" finished-at="2023-11-24T15:35:54 IST" duration-ms="3282" status="PASS">
          <reporter-output>
          </reporter-output>
        </test-method> <!-- bookHotel -->
        <test-method signature="selectHotel()[pri:5, instance:com.testng.BasicTestNg@740cae06]" started-at="2023-11-24T15:35:54 IST" name="selectHotel" finished-at="2023-11-24T15:35:55 IST" duration-ms="1413" status="PASS">
          <reporter-output>
          </reporter-output>
        </test-method> <!-- selectHotel -->
        <test-method signature="cardDetail()[pri:6, instance:com.testng.BasicTestNg@740cae06]" started-at="2023-11-24T15:35:55 IST" name="cardDetail" finished-at="2023-11-24T15:35:58 IST" duration-ms="2861" status="PASS">
          <reporter-output>
          </reporter-output>
        </test-method> <!-- cardDetail -->
        <test-method signature="logOut()[pri:7, instance:com.testng.BasicTestNg@740cae06]" started-at="2023-11-24T15:35:58 IST" name="logOut" finished-at="2023-11-24T15:36:05 IST" duration-ms="7585" status="PASS">
          <reporter-output>
          </reporter-output>
        </test-method> <!-- logOut -->
      </class> <!-- com.testng.BasicTestNg -->
    </test> <!-- Default test -->
  </suite> <!-- Default suite -->
</testng-results>
