<?xml version="1.0" encoding="UTF-8"?>
<!-- Generated by org.testng.reporters.JUnitXMLReporter -->
<testsuite ignored="0" hostname="DESKTOP-MK37CUR" failures="0" tests="7" name="Default test" time="29.017" errors="0" timestamp="2023-11-24T15:36:05 IST">
  <testcase classname="com.testng.BasicTestNg" name="setProperty" time="3.228"/>
  <testcase classname="com.testng.BasicTestNg" name="getUrl" time="8.896"/>
  <testcase classname="com.testng.BasicTestNg" name="loginPage" time="1.565"/>
  <testcase classname="com.testng.BasicTestNg" name="bookHotel" time="3.282"/>
  <testcase classname="com.testng.BasicTestNg" name="selectHotel" time="1.413"/>
  <testcase classname="com.testng.BasicTestNg" name="cardDetail" time="2.861"/>
  <testcase classname="com.testng.BasicTestNg" name="logOut" time="7.585"/>
</testsuite> <!-- Default test -->
